<?xml version="1.0" encoding="utf-8"?><testsuites name="pytest tests"><testsuite name="pytest" errors="0" failures="0" skipped="0" tests="14" time="1.623" timestamp="2026-02-03T12:51:54.935078+00:00" hostname="agent-env-892b2c8b-f1e6-4f2e-b8d6-fef96bb8a7a8"><testcase classname="backend.tests.test_admin_dashboard.TestAdminAuthentication" name="test_admin_login_success" time="0.217" /><testcase classname="backend.tests.test_admin_dashboard.TestAdminAuthentication" name="test_admin_login_invalid_credentials" time="0.044" /><testcase classname="backend.tests.test_admin_dashboard.TestAdminAuthentication" name="test_admin_register_wrong_secret" time="0.044" /><testcase classname="backend.tests.test_admin_dashboard.TestAdminAuthentication" name="test_admin_register_correct_secret" time="0.113" /><testcase classname="backend.tests.test_admin_dashboard.TestAdminEndpointsAuth" name="test_admin_stats_requires_auth" time="0.041" /><testcase classname="backend.tests.test_admin_dashboard.TestAdminEndpointsAuth" name="test_admin_assessments_requires_auth" time="0.050" /><testcase classname="backend.tests.test_admin_dashboard.TestAdminEndpointsAuth" name="test_admin_transactions_requires_auth" time="0.040" /><testcase classname="backend.tests.test_admin_dashboard.TestAdminEndpointsAuth" name="test_admin_me_requires_auth" time="0.038" /><testcase classname="backend.tests.test_admin_dashboard.TestAdminStats" name="test_admin_stats_returns_metrics" time="0.180" /><testcase classname="backend.tests.test_admin_dashboard.TestAdminStats" name="test_admin_stats_with_invalid_token" time="0.034" /><testcase classname="backend.tests.test_admin_dashboard.TestAdminAssessments" name="test_admin_assessments_returns_list" time="0.184" /><testcase classname="backend.tests.test_admin_dashboard.TestAdminAssessments" name="test_admin_assessments_with_industry_filter" time="0.189" /><testcase classname="backend.tests.test_admin_dashboard.TestAdminTransactions" name="test_admin_transactions_returns_list" time="0.162" /><testcase classname="backend.tests.test_admin_dashboard.TestAdminMe" name="test_admin_me_returns_profile" time="0.191" /></testsuite></testsuites>