<?xml version="1.0" encoding="utf-8"?><testsuites name="pytest tests"><testsuite name="pytest" errors="0" failures="0" skipped="0" tests="13" time="1.450" timestamp="2026-02-03T12:41:44.721251+00:00" hostname="agent-env-892b2c8b-f1e6-4f2e-b8d6-fef96bb8a7a8"><testcase classname="backend.tests.test_user_auth.TestMagicLinkAuth" name="test_request_magic_link_success" time="0.089" /><testcase classname="backend.tests.test_user_auth.TestMagicLinkAuth" name="test_request_magic_link_invalid_email" time="0.044" /><testcase classname="backend.tests.test_user_auth.TestMagicLinkAuth" name="test_verify_magic_link_success" time="0.091" /><testcase classname="backend.tests.test_user_auth.TestMagicLinkAuth" name="test_verify_magic_link_invalid_token" time="0.081" /><testcase classname="backend.tests.test_user_auth.TestMagicLinkAuth" name="test_verify_magic_link_reuse_blocked" time="0.123" /><testcase classname="backend.tests.test_user_auth.TestUserAssessments" name="test_get_assessments_requires_auth" time="0.037" /><testcase classname="backend.tests.test_user_auth.TestUserAssessments" name="test_get_assessments_with_auth" time="0.130" /><testcase classname="backend.tests.test_user_auth.TestUserAssessments" name="test_create_assessment_with_auth_links_to_user" time="0.237" /><testcase classname="backend.tests.test_user_auth.TestPDFAccessControl" name="test_pdf_download_blocked_for_unpaid" time="0.086" /><testcase classname="backend.tests.test_user_auth.TestPDFAccessControl" name="test_pdf_download_not_found" time="0.043" /><testcase classname="backend.tests.test_user_auth.TestStatusBadges" name="test_unpaid_assessment_has_pending_status" time="0.193" /><testcase classname="backend.tests.test_user_auth.TestStatusBadges" name="test_assessment_list_includes_payment_status" time="0.151" /><testcase classname="backend.tests.test_user_auth.TestAssessmentRetrieval" name="test_get_assessment_by_id" time="0.075" /></testsuite></testsuites>